# JRE version: Java(TM) SE Runtime Environment (8.0_251-b08) (build 1.8.0_251-b08)
# Java VM: Java HotSpot(TM) 64-Bit Server VM (25.251-b08 mixed mode windows-amd64 compressed oops)
Heap:
 PSYoungGen      total 968704K, used 689459K [0x000000076ab00000, 0x00000007bec80000, 0x00000007c0000000)
  eden space 883712K, 68% used [0x000000076ab00000,0x000000078f99b7b0,0x00000007a0a00000)
  from space 84992K, 99% used [0x00000007a0a00000,0x00000007a5cb1618,0x00000007a5d00000)
  to   space 242688K, 0% used [0x00000007aff80000,0x00000007aff80000,0x00000007bec80000)
 ParOldGen       total 884736K, used 364722K [0x00000006c0000000, 0x00000006f6000000, 0x000000076ab00000)
  object space 884736K, 41% used [0x00000006c0000000,0x00000006d642c8e8,0x00000006f6000000)
 Metaspace       used 235705K, capacity 247714K, committed 247976K, reserved 1265664K
  class space    used 28594K, capacity 31083K, committed 31144K, reserved 1048576K
GC Heap History (10 events):
Event: 484.477 GC heap before
{Heap before GC invocations=56 (full 6):
 PSYoungGen      total 1229312K, used 1229285K [0x000000076ab00000, 0x00000007c0000000, 0x00000007c0000000)
  eden space 1077248K, 100% used [0x000000076ab00000,0x00000007ac700000,0x00000007ac700000)
  from space 152064K, 99% used [0x00000007ac700000,0x00000007b5b79470,0x00000007b5b80000)
  to   space 168448K, 0% used [0x00000007b5b80000,0x00000007b5b80000,0x00000007c0000000)
 ParOldGen       total 646144K, used 455793K [0x00000006c0000000, 0x00000006e7700000, 0x000000076ab00000)
  object space 646144K, 70% used [0x00000006c0000000,0x00000006dbd1c670,0x00000006e7700000)
 Metaspace       used 214667K, capacity 226158K, committed 226472K, reserved 1247232K
  class space    used 26377K, capacity 28753K, committed 28840K, reserved 1048576K
Event: 484.598 GC heap after
Heap after GC invocations=56 (full 6):
 PSYoungGen      total 1041920K, used 160163K [0x000000076ab00000, 0x00000007c0000000, 0x00000007c0000000)
  eden space 873472K, 0% used [0x000000076ab00000,0x000000076ab00000,0x00000007a0000000)
  from space 168448K, 95% used [0x00000007b5b80000,0x00000007bf7e8e38,0x00000007c0000000)
  to   space 262144K, 0% used [0x00000007a0000000,0x00000007a0000000,0x00000007b0000000)
 ParOldGen       total 646144K, used 558675K [0x00000006c0000000, 0x00000006e7700000, 0x000000076ab00000)
  object space 646144K, 86% used [0x00000006c0000000,0x00000006e2194c88,0x00000006e7700000)
 Metaspace       used 214667K, capacity 226158K, committed 226472K, reserved 1247232K
  class space    used 26377K, capacity 28753K, committed 28840K, reserved 1048576K
}
Event: 484.598 GC heap before
{Heap before GC invocations=57 (full 7):
 PSYoungGen      total 1041920K, used 160163K [0x000000076ab00000, 0x00000007c0000000, 0x00000007c0000000)
  eden space 873472K, 0% used [0x000000076ab00000,0x000000076ab00000,0x00000007a0000000)
  from space 168448K, 95% used [0x00000007b5b80000,0x00000007bf7e8e38,0x00000007c0000000)
  to   space 262144K, 0% used [0x00000007a0000000,0x00000007a0000000,0x00000007b0000000)
 ParOldGen       total 646144K, used 558675K [0x00000006c0000000, 0x00000006e7700000, 0x000000076ab00000)
  object space 646144K, 86% used [0x00000006c0000000,0x00000006e2194c88,0x00000006e7700000)
 Metaspace       used 214667K, capacity 226158K, committed 226472K, reserved 1247232K
  class space    used 26377K, capacity 28753K, committed 28840K, reserved 1048576K
Event: 485.212 GC heap after
Heap after GC invocations=57 (full 7):
 PSYoungGen      total 1041920K, used 0K [0x000000076ab00000, 0x00000007c0000000, 0x00000007c0000000)
  eden space 873472K, 0% used [0x000000076ab00000,0x000000076ab00000,0x00000007a0000000)
  from space 168448K, 0% used [0x00000007b5b80000,0x00000007b5b80000,0x00000007c0000000)
  to   space 262144K, 0% used [0x00000007a0000000,0x00000007a0000000,0x00000007b0000000)
 ParOldGen       total 884736K, used 364698K [0x00000006c0000000, 0x00000006f6000000, 0x000000076ab00000)
  object space 884736K, 41% used [0x00000006c0000000,0x00000006d64268e8,0x00000006f6000000)
 Metaspace       used 214576K, capacity 226034K, committed 226472K, reserved 1247232K
  class space    used 26363K, capacity 28729K, committed 28840K, reserved 1048576K
}
Event: 504.276 GC heap before
{Heap before GC invocations=58 (full 7):
 PSYoungGen      total 1041920K, used 873381K [0x000000076ab00000, 0x00000007c0000000, 0x00000007c0000000)
  eden space 873472K, 99% used [0x000000076ab00000,0x000000079ffe9540,0x00000007a0000000)
  from space 168448K, 0% used [0x00000007b5b80000,0x00000007b5b80000,0x00000007c0000000)
  to   space 262144K, 0% used [0x00000007a0000000,0x00000007a0000000,0x00000007b0000000)
 ParOldGen       total 884736K, used 364698K [0x00000006c0000000, 0x00000006f6000000, 0x000000076ab00000)
  object space 884736K, 41% used [0x00000006c0000000,0x00000006d64268e8,0x00000006f6000000)
 Metaspace       used 217535K, capacity 229142K, committed 229544K, reserved 1249280K
  class space    used 26568K, capacity 28979K, committed 29096K, reserved 1048576K
Event: 504.349 GC heap after
Heap after GC invocations=58 (full 7):
 PSYoungGen      total 1135616K, used 70169K [0x000000076ab00000, 0x00000007c0000000, 0x00000007c0000000)
  eden space 873472K, 0% used [0x000000076ab00000,0x000000076ab00000,0x00000007a0000000)
  from space 262144K, 26% used [0x00000007a0000000,0x00000007a4486580,0x00000007b0000000)
  to   space 248320K, 0% used [0x00000007b0d80000,0x00000007b0d80000,0x00000007c0000000)
 ParOldGen       total 884736K, used 364706K [0x00000006c0000000, 0x00000006f6000000, 0x000000076ab00000)
  object space 884736K, 41% used [0x00000006c0000000,0x00000006d64288e8,0x00000006f6000000)
 Metaspace       used 217535K, capacity 229142K, committed 229544K, reserved 1249280K
  class space    used 26568K, capacity 28979K, committed 29096K, reserved 1048576K
}
Event: 508.849 GC heap before
{Heap before GC invocations=59 (full 7):
 PSYoungGen      total 1135616K, used 943641K [0x000000076ab00000, 0x00000007c0000000, 0x00000007c0000000)
  eden space 873472K, 100% used [0x000000076ab00000,0x00000007a0000000,0x00000007a0000000)
  from space 262144K, 26% used [0x00000007a0000000,0x00000007a4486580,0x00000007b0000000)
  to   space 248320K, 0% used [0x00000007b0d80000,0x00000007b0d80000,0x00000007c0000000)
 ParOldGen       total 884736K, used 364706K [0x00000006c0000000, 0x00000006f6000000, 0x000000076ab00000)
  object space 884736K, 41% used [0x00000006c0000000,0x00000006d64288e8,0x00000006f6000000)
 Metaspace       used 226744K, capacity 238582K, committed 239016K, reserved 1257472K
  class space    used 27586K, capacity 30029K, committed 30120K, reserved 1048576K
Event: 508.903 GC heap after
Heap after GC invocations=59 (full 7):
 PSYoungGen      total 1132032K, used 155209K [0x000000076ab00000, 0x00000007c0000000, 0x00000007c0000000)
  eden space 883712K, 0% used [0x000000076ab00000,0x000000076ab00000,0x00000007a0a00000)
  from space 248320K, 62% used [0x00000007b0d80000,0x00000007ba512600,0x00000007c0000000)
  to   space 257024K, 0% used [0x00000007a0a00000,0x00000007a0a00000,0x00000007b0500000)
 ParOldGen       total 884736K, used 364714K [0x00000006c0000000, 0x00000006f6000000, 0x000000076ab00000)
  object space 884736K, 41% used [0x00000006c0000000,0x00000006d642a8e8,0x00000006f6000000)
 Metaspace       used 226744K, capacity 238582K, committed 239016K, reserved 1257472K
  class space    used 27586K, capacity 30029K, committed 30120K, reserved 1048576K
}
Event: 529.728 GC heap before
{Heap before GC invocations=60 (full 7):
 PSYoungGen      total 1132032K, used 1038921K [0x000000076ab00000, 0x00000007c0000000, 0x00000007c0000000)
  eden space 883712K, 100% used [0x000000076ab00000,0x00000007a0a00000,0x00000007a0a00000)
  from space 248320K, 62% used [0x00000007b0d80000,0x00000007ba512600,0x00000007c0000000)
  to   space 257024K, 0% used [0x00000007a0a00000,0x00000007a0a00000,0x00000007b0500000)
 ParOldGen       total 884736K, used 364714K [0x00000006c0000000, 0x00000006f6000000, 0x000000076ab00000)
  object space 884736K, 41% used [0x00000006c0000000,0x00000006d642a8e8,0x00000006f6000000)
 Metaspace       used 227399K, capacity 239284K, committed 239528K, reserved 1259520K
  class space    used 27647K, capacity 30080K, committed 30120K, reserved 1048576K
Event: 529.807 GC heap after
Heap after GC invocations=60 (full 7):
 PSYoungGen      total 968704K, used 84677K [0x000000076ab00000, 0x00000007bec80000, 0x00000007c0000000)
  eden space 883712K, 0% used [0x000000076ab00000,0x000000076ab00000,0x00000007a0a00000)
  from space 84992K, 99% used [0x00000007a0a00000,0x00000007a5cb1618,0x00000007a5d00000)
  to   space 242688K, 0% used [0x00000007aff80000,0x00000007aff80000,0x00000007bec80000)
 ParOldGen       total 884736K, used 364722K [0x00000006c0000000, 0x00000006f6000000, 0x000000076ab00000)
  object space 884736K, 41% used [0x00000006c0000000,0x00000006d642c8e8,0x00000006f6000000)
 Metaspace       used 227399K, capacity 239284K, committed 239528K, reserved 1259520K
  class space    used 27647K, capacity 30080K, committed 30120K, reserved 1048576K
}

